<?xml version="1.0" encoding="UTF-8"?>
<!-- Generated by org.testng.reporters.JUnitReportReporter -->
<testsuite hostname="DESKTOP-CAQNLN5" failures="0" tests="1" name="runners.TestNgRunner" time="11.040" errors="0" timestamp="2020-05-17T20:19:33 IST" skipped="0">
  <testcase classname="runners.TestNgRunner" name="runScenario" time="11.040"/>
  <system-out/>
</testsuite> <!-- runners.TestNgRunner -->
